2025-04-26 23:07:39.679	[34mINFO[0m	web-se/main.go:30	ç³»ç»Ÿå¯åŠ¨
2025-04-26 23:07:39.679	[34mINFO[0m	web-se/main.go:31	é…ç½®åŠ è½½æˆåŠŸ	{"port": "8080", "debug": true, "log_file": "web-se.log", "log_dir": "./logs"}
2025-04-26 23:07:39.679	[35mDEBUG[0m	web-se/main.go:41	Ginè®¾ç½®ä¸ºè°ƒè¯•æ¨¡å¼
2025-04-26 23:07:39.679	[34mINFO[0m	web-se/main.go:69	æœåŠ¡å™¨å¯åŠ¨	{"port": "8080"}
2025-04-26 23:07:47.402	[34mINFO[0m	controllers/mpc.go:54	æœåŠ¡æœªåˆå§‹åŒ–ï¼Œå°è¯•åˆå§‹åŒ–
2025-04-26 23:07:47.402	[34mINFO[0m	services/security.go:24	åˆå§‹åŒ–å®‰å…¨èŠ¯ç‰‡æœåŠ¡
2025-04-26 23:07:47.402	[35mDEBUG[0m	services/security.go:32	åˆ›å»ºå¡ç‰‡è¯»å–å™¨
2025-04-26 23:07:47.416	[35mDEBUG[0m	services/security.go:40	è¿æ¥è¯»å¡å™¨
2025-04-26 23:07:47.417	[35mDEBUG[0m	services/security.go:48	é€‰æ‹©å®‰å…¨èŠ¯ç‰‡Applet
2025-04-26 23:07:47.419	[34mINFO[0m	services/security.go:56	å®‰å…¨èŠ¯ç‰‡æœåŠ¡åˆå§‹åŒ–æˆåŠŸ
2025-04-26 23:07:47.419	[34mINFO[0m	controllers/mpc.go:41	å®‰å…¨èŠ¯ç‰‡æœåŠ¡åˆå§‹åŒ–æˆåŠŸ
2025-04-26 23:07:47.419	[34mINFO[0m	services/mpc.go:23	åˆ›å»ºMPCæœåŠ¡
2025-04-26 23:07:47.419	[34mINFO[0m	controllers/mpc.go:45	MPCæ§åˆ¶å™¨åˆå§‹åŒ–æˆåŠŸ
2025-04-26 23:07:47.419	[34mINFO[0m	controllers/mpc.go:78	æ¥æ”¶åˆ°å¯†é’¥ç”Ÿæˆè¯·æ±‚	{"threshold": 2, "parties": 3, "index": 1, "filename": "keygen_data_1", "username": "test_user_1"}
2025-04-26 23:07:47.419	[35mDEBUG[0m	services/mpc.go:32	å¼€å§‹å¯†é’¥ç”Ÿæˆè¿‡ç¨‹	{"threshold": 2, "parties": 3, "index": 1, "filename": "keygen_data_1"}
2025-04-26 23:07:47.419	[35mDEBUG[0m	services/mpc.go:46	ä¸´æ—¶æ–‡ä»¶è·¯å¾„	{"path": "temp/keygen_data_1"}
2025-04-26 23:07:47.419	[34mINFO[0m	services/mpc.go:57	æ‰§è¡Œå¯†é’¥ç”Ÿæˆå‘½ä»¤
2025-04-26 23:07:47.419	[34mINFO[0m	utils/command.go:79	å¼€å§‹å¯†é’¥ç”Ÿæˆ	{"command": "bin/gg20_keygen", "threshold": 2, "parties": 3, "index": 1, "output": "temp/keygen_data_1"}
2025-04-26 23:07:47.419	[34mINFO[0m	utils/command.go:35	å¼€å§‹æ‰§è¡Œå‘½ä»¤	{"command": "bin/gg20_keygen", "args": "--address http://127.0.0.1:8000 --index 1 --number-of-parties 3 --output temp/keygen_data_1 --threshold 2 --room default", "timeout": "60s"}
2025-04-26 23:07:48.401	[34mINFO[0m	controllers/mpc.go:78	æ¥æ”¶åˆ°å¯†é’¥ç”Ÿæˆè¯·æ±‚	{"threshold": 2, "parties": 3, "index": 2, "filename": "keygen_data_2", "username": "test_user_2"}
2025-04-26 23:07:48.401	[35mDEBUG[0m	services/mpc.go:32	å¼€å§‹å¯†é’¥ç”Ÿæˆè¿‡ç¨‹	{"threshold": 2, "parties": 3, "index": 2, "filename": "keygen_data_2"}
2025-04-26 23:07:48.401	[35mDEBUG[0m	services/mpc.go:46	ä¸´æ—¶æ–‡ä»¶è·¯å¾„	{"path": "temp/keygen_data_2"}
2025-04-26 23:07:48.401	[34mINFO[0m	services/mpc.go:57	æ‰§è¡Œå¯†é’¥ç”Ÿæˆå‘½ä»¤
2025-04-26 23:07:48.401	[34mINFO[0m	utils/command.go:79	å¼€å§‹å¯†é’¥ç”Ÿæˆ	{"command": "bin/gg20_keygen", "threshold": 2, "parties": 3, "index": 2, "output": "temp/keygen_data_2"}
2025-04-26 23:07:48.401	[34mINFO[0m	utils/command.go:35	å¼€å§‹æ‰§è¡Œå‘½ä»¤	{"command": "bin/gg20_keygen", "args": "--address http://127.0.0.1:8000 --index 2 --number-of-parties 3 --output temp/keygen_data_2 --threshold 2 --room default", "timeout": "60s"}
2025-04-26 23:07:49.402	[34mINFO[0m	controllers/mpc.go:78	æ¥æ”¶åˆ°å¯†é’¥ç”Ÿæˆè¯·æ±‚	{"threshold": 2, "parties": 3, "index": 3, "filename": "keygen_data_3", "username": "test_user_3"}
2025-04-26 23:07:49.402	[35mDEBUG[0m	services/mpc.go:32	å¼€å§‹å¯†é’¥ç”Ÿæˆè¿‡ç¨‹	{"threshold": 2, "parties": 3, "index": 3, "filename": "keygen_data_3"}
2025-04-26 23:07:49.402	[35mDEBUG[0m	services/mpc.go:46	ä¸´æ—¶æ–‡ä»¶è·¯å¾„	{"path": "temp/keygen_data_3"}
2025-04-26 23:07:49.402	[34mINFO[0m	services/mpc.go:57	æ‰§è¡Œå¯†é’¥ç”Ÿæˆå‘½ä»¤
2025-04-26 23:07:49.402	[34mINFO[0m	utils/command.go:79	å¼€å§‹å¯†é’¥ç”Ÿæˆ	{"command": "bin/gg20_keygen", "threshold": 2, "parties": 3, "index": 3, "output": "temp/keygen_data_3"}
2025-04-26 23:07:49.402	[34mINFO[0m	utils/command.go:35	å¼€å§‹æ‰§è¡Œå‘½ä»¤	{"command": "bin/gg20_keygen", "args": "--address http://127.0.0.1:8000 --index 3 --number-of-parties 3 --output temp/keygen_data_3 --threshold 2 --room default", "timeout": "60s"}
2025-04-26 23:07:49.608	[34mINFO[0m	utils/command.go:56	å‘½ä»¤æ‰§è¡ŒæˆåŠŸ	{"stdout": "", "execution_time": "2.189013959s"}
2025-04-26 23:07:49.608	[34mINFO[0m	utils/command.go:93	å¯†é’¥ç”ŸæˆæˆåŠŸ
2025-04-26 23:07:49.608	[34mINFO[0m	utils/command.go:56	å‘½ä»¤æ‰§è¡ŒæˆåŠŸ	{"stdout": "", "execution_time": "1.207380125s"}
2025-04-26 23:07:49.608	[34mINFO[0m	utils/command.go:93	å¯†é’¥ç”ŸæˆæˆåŠŸ
2025-04-26 23:07:49.608	[35mDEBUG[0m	services/mpc.go:64	è§£æJSONæ–‡ä»¶	{"path": "temp/keygen_data_2"}
2025-04-26 23:07:49.608	[35mDEBUG[0m	services/mpc.go:64	è§£æJSONæ–‡ä»¶	{"path": "temp/keygen_data_1"}
2025-04-26 23:07:49.608	[34mINFO[0m	utils/command.go:56	å‘½ä»¤æ‰§è¡ŒæˆåŠŸ	{"stdout": "", "execution_time": "206.196ms"}
2025-04-26 23:07:49.608	[34mINFO[0m	utils/command.go:93	å¯†é’¥ç”ŸæˆæˆåŠŸ
2025-04-26 23:07:49.608	[35mDEBUG[0m	services/mpc.go:64	è§£æJSONæ–‡ä»¶	{"path": "temp/keygen_data_3"}
2025-04-26 23:07:49.609	[35mDEBUG[0m	services/mpc.go:72	ä»JSONæå–å…¬é’¥
2025-04-26 23:07:49.609	[35mDEBUG[0m	services/mpc.go:80	ä»å…¬é’¥æå–ä»¥å¤ªåŠåœ°å€	{"publicKey": "03409242e2ff4151378950cae2a3f1c2b77333ccdb1c52a06c3045e91eac9ddbe0"}
2025-04-26 23:07:49.609	[35mDEBUG[0m	services/mpc.go:72	ä»JSONæå–å…¬é’¥
2025-04-26 23:07:49.609	[35mDEBUG[0m	services/mpc.go:80	ä»å…¬é’¥æå–ä»¥å¤ªåŠåœ°å€	{"publicKey": "03409242e2ff4151378950cae2a3f1c2b77333ccdb1c52a06c3045e91eac9ddbe0"}
2025-04-26 23:07:49.609	[35mDEBUG[0m	services/mpc.go:72	ä»JSONæå–å…¬é’¥
2025-04-26 23:07:49.609	[34mINFO[0m	services/mpc.go:90	ç”Ÿæˆä»¥å¤ªåŠåœ°å€	{"address": "0xc4e734ab54B4c506d1242a172F03AF8ffc907aDC"}
2025-04-26 23:07:49.609	[35mDEBUG[0m	services/mpc.go:93	è¯»å–ç”Ÿæˆçš„å¯†é’¥æ–‡ä»¶
2025-04-26 23:07:49.609	[35mDEBUG[0m	services/mpc.go:80	ä»å…¬é’¥æå–ä»¥å¤ªåŠåœ°å€	{"publicKey": "03409242e2ff4151378950cae2a3f1c2b77333ccdb1c52a06c3045e91eac9ddbe0"}
2025-04-26 23:07:49.609	[35mDEBUG[0m	services/mpc.go:99	æ–‡ä»¶å†…å®¹å¤§å°	{"size": "35.67 KB"}
2025-04-26 23:07:49.609	[35mDEBUG[0m	services/mpc.go:102	å‹ç¼©æ–‡ä»¶å†…å®¹
2025-04-26 23:07:49.609	[34mINFO[0m	services/mpc.go:90	ç”Ÿæˆä»¥å¤ªåŠåœ°å€	{"address": "0xc4e734ab54B4c506d1242a172F03AF8ffc907aDC"}
2025-04-26 23:07:49.609	[35mDEBUG[0m	services/mpc.go:93	è¯»å–ç”Ÿæˆçš„å¯†é’¥æ–‡ä»¶
2025-04-26 23:07:49.609	[34mINFO[0m	services/mpc.go:90	ç”Ÿæˆä»¥å¤ªåŠåœ°å€	{"address": "0xc4e734ab54B4c506d1242a172F03AF8ffc907aDC"}
2025-04-26 23:07:49.609	[35mDEBUG[0m	services/mpc.go:93	è¯»å–ç”Ÿæˆçš„å¯†é’¥æ–‡ä»¶
2025-04-26 23:07:49.609	[35mDEBUG[0m	services/mpc.go:99	æ–‡ä»¶å†…å®¹å¤§å°	{"size": "35.67 KB"}
2025-04-26 23:07:49.609	[35mDEBUG[0m	services/mpc.go:102	å‹ç¼©æ–‡ä»¶å†…å®¹
2025-04-26 23:07:49.609	[35mDEBUG[0m	services/mpc.go:99	æ–‡ä»¶å†…å®¹å¤§å°	{"size": "35.68 KB"}
2025-04-26 23:07:49.609	[35mDEBUG[0m	services/mpc.go:102	å‹ç¼©æ–‡ä»¶å†…å®¹
2025-04-26 23:07:49.615	[35mDEBUG[0m	services/mpc.go:108	å‹ç¼©åæ•°æ®å¤§å°	{"size": "6.24 KB"}
2025-04-26 23:07:49.615	[35mDEBUG[0m	services/mpc.go:111	ç”ŸæˆéšæœºåŠ å¯†å¯†é’¥
2025-04-26 23:07:49.615	[35mDEBUG[0m	services/mpc.go:119	åŠ å¯†å‹ç¼©æ•°æ®
2025-04-26 23:07:49.615	[35mDEBUG[0m	services/mpc.go:108	å‹ç¼©åæ•°æ®å¤§å°	{"size": "6.24 KB"}
2025-04-26 23:07:49.615	[35mDEBUG[0m	services/mpc.go:111	ç”ŸæˆéšæœºåŠ å¯†å¯†é’¥
2025-04-26 23:07:49.615	[35mDEBUG[0m	services/mpc.go:119	åŠ å¯†å‹ç¼©æ•°æ®
2025-04-26 23:07:49.615	[35mDEBUG[0m	services/mpc.go:125	åŠ å¯†åæ•°æ®å¤§å°	{"size": "6.26 KB"}
2025-04-26 23:07:49.616	[34mINFO[0m	services/mpc.go:128	å­˜å‚¨å¯†é’¥åˆ°å®‰å…¨èŠ¯ç‰‡	{"userName": "test_user_1", "address": "0xc4e734ab54B4c506d1242a172F03AF8ffc907aDC", "message": "M\ufffd\ufffdaU\ufffd\ufffd3\ufffdG\\\u0013\ufffd\ufffd\ufffdg\\\ufffdXn\u0002X\ufffd&\ufffd\ufffd\ufffd0q\ufffd\u0016\ufffd"}
2025-04-26 23:07:49.616	[35mDEBUG[0m	services/security.go:92	â•å‡†å¤‡å­˜å‚¨æ•°æ®åˆ°å®‰å…¨èŠ¯ç‰‡â•
2025-04-26 23:07:49.616	[35mDEBUG[0m	services/security.go:93	ç”¨æˆ·åå­—èŠ‚	{"userBytes": "c71a9a78e4dabef06705f4530273cab443ce1a44987e36e052345f4fc76ba5a0"}
2025-04-26 23:07:49.616	[35mDEBUG[0m	services/security.go:94	åœ°å€å­—èŠ‚	{"addrBytes": "c4e734ab54b4c506d1242a172f03af8ffc907adc"}
2025-04-26 23:07:49.616	[35mDEBUG[0m	services/security.go:95	å¯†é’¥å­—èŠ‚	{"key": "4d87856155f69633d4475c13f4e2a0675ce5586e0258d02695f1dc30719c16d1"}
2025-04-26 23:07:49.616	[35mDEBUG[0m	services/security.go:105	è°ƒç”¨å®‰å…¨èŠ¯ç‰‡å­˜å‚¨æ•°æ®
2025-04-26 23:07:49.616	[35mDEBUG[0m	services/mpc.go:108	å‹ç¼©åæ•°æ®å¤§å°	{"size": "6.24 KB"}
2025-04-26 23:07:49.616	[35mDEBUG[0m	services/mpc.go:111	ç”ŸæˆéšæœºåŠ å¯†å¯†é’¥
2025-04-26 23:07:49.616	[35mDEBUG[0m	services/mpc.go:125	åŠ å¯†åæ•°æ®å¤§å°	{"size": "6.27 KB"}
2025-04-26 23:07:49.616	[34mINFO[0m	services/mpc.go:128	å­˜å‚¨å¯†é’¥åˆ°å®‰å…¨èŠ¯ç‰‡	{"userName": "test_user_3", "address": "0xc4e734ab54B4c506d1242a172F03AF8ffc907aDC", "message": "X\ufffd\ufffd\ufffd\u0007\ufffd\ufffdSs\u0016,\ufffd6\u001d\ufffdu\u00067\ufffd\u0014\ufffd&\ufffd\n\u001e>\ufffdA\ufffd\ufffd\ufffd"}
2025-04-26 23:07:49.616	[35mDEBUG[0m	services/security.go:92	â•å‡†å¤‡å­˜å‚¨æ•°æ®åˆ°å®‰å…¨èŠ¯ç‰‡â•
2025-04-26 23:07:49.616	[35mDEBUG[0m	services/security.go:93	ç”¨æˆ·åå­—èŠ‚	{"userBytes": "3852e3cce10472fc2dd095d6ed866b45d042757819462fa920ab240b462ff8df"}
2025-04-26 23:07:49.616	[35mDEBUG[0m	services/security.go:94	åœ°å€å­—èŠ‚	{"addrBytes": "c4e734ab54b4c506d1242a172f03af8ffc907adc"}
2025-04-26 23:07:49.616	[35mDEBUG[0m	services/security.go:95	å¯†é’¥å­—èŠ‚	{"key": "5895a38f079fdd5373162cb17f361db8750637fc14fe26e70a1e3ec741feede6"}
2025-04-26 23:07:49.616	[35mDEBUG[0m	services/security.go:105	è°ƒç”¨å®‰å…¨èŠ¯ç‰‡å­˜å‚¨æ•°æ®
2025-04-26 23:07:49.616	[35mDEBUG[0m	services/mpc.go:119	åŠ å¯†å‹ç¼©æ•°æ®
2025-04-26 23:07:49.616	[35mDEBUG[0m	services/mpc.go:125	åŠ å¯†åæ•°æ®å¤§å°	{"size": "6.27 KB"}
2025-04-26 23:07:49.616	[34mINFO[0m	services/mpc.go:128	å­˜å‚¨å¯†é’¥åˆ°å®‰å…¨èŠ¯ç‰‡	{"userName": "test_user_2", "address": "0xc4e734ab54B4c506d1242a172F03AF8ffc907aDC", "message": "\ufffdtR\ufffd\ufffd\ufffdf$Ü‹È£\u0014\ufffdW\ufffd\ufffd\ufffdoj\ufffd?\ufffd\ufffd\ufffd\u0001\u000c,6]qh"}
2025-04-26 23:07:49.616	[35mDEBUG[0m	services/security.go:92	â•å‡†å¤‡å­˜å‚¨æ•°æ®åˆ°å®‰å…¨èŠ¯ç‰‡â•
2025-04-26 23:07:49.616	[35mDEBUG[0m	services/security.go:93	ç”¨æˆ·åå­—èŠ‚	{"userBytes": "6cc3afa565036c8ec65cef4778501e6e4b516104fa3eba22e7011a82aef6e88e"}
2025-04-26 23:07:49.616	[35mDEBUG[0m	services/security.go:94	åœ°å€å­—èŠ‚	{"addrBytes": "c4e734ab54b4c506d1242a172f03af8ffc907adc"}
2025-04-26 23:07:49.616	[35mDEBUG[0m	services/security.go:95	å¯†é’¥å­—èŠ‚	{"key": "f97452fccfce6624dc8bc8a314fb578feac66f6ae83ff8a2b6010c2c365d7168"}
2025-04-26 23:07:49.616	[35mDEBUG[0m	services/security.go:105	è°ƒç”¨å®‰å…¨èŠ¯ç‰‡å­˜å‚¨æ•°æ®
2025-04-26 23:07:49.652	[34mINFO[0m	services/security.go:112	æ•°æ®å·²å­˜å‚¨åˆ°å®‰å…¨èŠ¯ç‰‡	{"index": 4, "total_records": 5}
2025-04-26 23:07:49.652	[34mINFO[0m	services/mpc.go:137	å¯†é’¥ç”Ÿæˆå®Œæˆ
2025-04-26 23:07:49.652	[35mDEBUG[0m	services/mpc.go:50	æ¸…ç†ä¸´æ—¶æ–‡ä»¶	{"path": "temp/keygen_data_1"}
2025-04-26 23:07:49.652	[34mINFO[0m	controllers/mpc.go:105	å¯†é’¥ç”ŸæˆæˆåŠŸ	{"address": "0xc4e734ab54B4c506d1242a172F03AF8ffc907aDC", "username": "test_user_1", "encrypted_key_length": 6413}
2025-04-26 23:07:49.652	[34mINFO[0m	middleware/logger.go:50	APIè¯·æ±‚	{"method": "POST", "uri": "/api/v1/mpc/keygen", "ip": "::1", "status": 200, "latency": "2.250617541s"}
2025-04-26 23:07:49.688	[34mINFO[0m	services/security.go:112	æ•°æ®å·²å­˜å‚¨åˆ°å®‰å…¨èŠ¯ç‰‡	{"index": 5, "total_records": 6}
2025-04-26 23:07:49.689	[34mINFO[0m	services/mpc.go:137	å¯†é’¥ç”Ÿæˆå®Œæˆ
2025-04-26 23:07:49.689	[35mDEBUG[0m	services/mpc.go:50	æ¸…ç†ä¸´æ—¶æ–‡ä»¶	{"path": "temp/keygen_data_3"}
2025-04-26 23:07:49.689	[34mINFO[0m	controllers/mpc.go:105	å¯†é’¥ç”ŸæˆæˆåŠŸ	{"address": "0xc4e734ab54B4c506d1242a172F03AF8ffc907aDC", "username": "test_user_3", "encrypted_key_length": 6418}
2025-04-26 23:07:49.689	[34mINFO[0m	middleware/logger.go:50	APIè¯·æ±‚	{"method": "POST", "uri": "/api/v1/mpc/keygen", "ip": "::1", "status": 200, "latency": "286.94625ms"}
2025-04-26 23:07:49.733	[34mINFO[0m	services/security.go:112	æ•°æ®å·²å­˜å‚¨åˆ°å®‰å…¨èŠ¯ç‰‡	{"index": 6, "total_records": 7}
2025-04-26 23:07:49.733	[34mINFO[0m	services/mpc.go:137	å¯†é’¥ç”Ÿæˆå®Œæˆ
2025-04-26 23:07:49.735	[35mDEBUG[0m	services/mpc.go:50	æ¸…ç†ä¸´æ—¶æ–‡ä»¶	{"path": "temp/keygen_data_2"}
2025-04-26 23:07:49.735	[34mINFO[0m	controllers/mpc.go:105	å¯†é’¥ç”ŸæˆæˆåŠŸ	{"address": "0xc4e734ab54B4c506d1242a172F03AF8ffc907aDC", "username": "test_user_2", "encrypted_key_length": 6420}
2025-04-26 23:07:49.735	[34mINFO[0m	middleware/logger.go:50	APIè¯·æ±‚	{"method": "POST", "uri": "/api/v1/mpc/keygen", "ip": "::1", "status": 200, "latency": "1.334323667s"}
2025-04-26 23:07:50.407	[34mINFO[0m	controllers/mpc.go:188	æ¥æ”¶åˆ°ç­¾åè¯·æ±‚	{"parties": "1,2", "data": "è¿™æ˜¯ä¸€æ¡æµ‹è¯•æ¶ˆæ¯ï¼Œæ—¶é—´æˆ³: 1745680070", "filename": "sign_data_1.json", "username": "test_user_1", "address": "0xc4e734ab54B4c506d1242a172F03AF8ffc907aDC"}
2025-04-26 23:07:50.407	[35mDEBUG[0m	controllers/mpc.go:194	ç­¾åè¯·æ±‚è¯¦æƒ…	{"encrypted_key_length": "6.3 KB", "signature_length": "70 B"}
2025-04-26 23:07:50.407	[35mDEBUG[0m	services/mpc.go:143	å¼€å§‹æ¶ˆæ¯ç­¾åè¿‡ç¨‹	{"parties": "1,2", "address": "0xc4e734ab54B4c506d1242a172F03AF8ffc907aDC", "filename": "sign_data_1.json"}
2025-04-26 23:07:50.407	[35mDEBUG[0m	services/mpc.go:162	ä¸´æ—¶æ–‡ä»¶è·¯å¾„	{"path": "temp/sign_data_1.json"}
2025-04-26 23:07:50.407	[34mINFO[0m	services/mpc.go:173	ä»å®‰å…¨èŠ¯ç‰‡è¯»å–å¯†é’¥	{"userName": "test_user_1", "address": "0xc4e734ab54B4c506d1242a172F03AF8ffc907aDC"}
2025-04-26 23:07:50.407	[35mDEBUG[0m	services/security.go:125	å‡†å¤‡ä»å®‰å…¨èŠ¯ç‰‡è¯»å–æ•°æ®	{"username": "test_user_1", "address": "0xc4e734ab54B4c506d1242a172F03AF8ffc907aDC"}
2025-04-26 23:07:50.407	[35mDEBUG[0m	services/security.go:144	ç”¨æˆ·åå­—èŠ‚	{"userBytes": "C71A9A78E4DABEF06705F4530273CAB443CE1A44987E36E052345F4FC76BA5A0"}
2025-04-26 23:07:50.407	[35mDEBUG[0m	services/security.go:145	åœ°å€å­—èŠ‚	{"addrBytes": "C4E734AB54B4C506D1242A172F03AF8FFC907ADC"}
2025-04-26 23:07:50.407	[35mDEBUG[0m	services/security.go:148	è°ƒç”¨å®‰å…¨èŠ¯ç‰‡è¯»å–æ•°æ®	{"signature_length": "70 B"}
2025-04-26 23:07:50.423	[34mINFO[0m	services/security.go:156	å·²ä»å®‰å…¨èŠ¯ç‰‡è¯»å–æ•°æ®	{"data_length": "32 B"}
2025-04-26 23:07:50.423	[35mDEBUG[0m	services/mpc.go:181	è§£å¯†æ•°æ®
2025-04-26 23:07:50.423	[35mDEBUG[0m	services/mpc.go:187	è§£å¯†åæ•°æ®å¤§å°	{"size": "6.24 KB"}
2025-04-26 23:07:50.423	[35mDEBUG[0m	services/mpc.go:190	è§£å‹æ•°æ®
2025-04-26 23:07:50.423	[35mDEBUG[0m	services/mpc.go:196	è§£å‹åæ•°æ®å¤§å°	{"size": "35.68 KB"}
2025-04-26 23:07:50.423	[35mDEBUG[0m	services/mpc.go:199	å†™å…¥ä¸´æ—¶æ–‡ä»¶	{"path": "temp/sign_data_1.json"}
2025-04-26 23:07:50.424	[34mINFO[0m	services/mpc.go:206	æ‰§è¡Œç­¾åå‘½ä»¤	{"parties": "1,2", "data": "è¿™æ˜¯ä¸€æ¡æµ‹è¯•æ¶ˆæ¯ï¼Œæ—¶é—´æˆ³: 1745680070"}
2025-04-26 23:07:50.424	[34mINFO[0m	utils/command.go:110	å¼€å§‹ç­¾åæ“ä½œ	{"command": "bin/gg20_signing", "parties": "1,2", "data": "è¿™æ˜¯ä¸€æ¡æµ‹è¯•æ¶ˆæ¯ï¼Œæ—¶é—´æˆ³: 1745680070", "local_share": "temp/sign_data_1.json"}
2025-04-26 23:07:50.424	[34mINFO[0m	utils/command.go:35	å¼€å§‹æ‰§è¡Œå‘½ä»¤	{"command": "bin/gg20_signing", "args": "-p 1,2 -d \"è¿™æ˜¯ä¸€æ¡æµ‹è¯•æ¶ˆæ¯ï¼Œæ—¶é—´æˆ³: 1745680070\" -l temp/sign_data_1.json", "timeout": "60s"}
2025-04-26 23:07:51.408	[34mINFO[0m	controllers/mpc.go:188	æ¥æ”¶åˆ°ç­¾åè¯·æ±‚	{"parties": "1,2", "data": "è¿™æ˜¯ä¸€æ¡æµ‹è¯•æ¶ˆæ¯ï¼Œæ—¶é—´æˆ³: 1745680070", "filename": "sign_data_2.json", "username": "test_user_2", "address": "0xc4e734ab54B4c506d1242a172F03AF8ffc907aDC"}
2025-04-26 23:07:51.408	[35mDEBUG[0m	controllers/mpc.go:194	ç­¾åè¯·æ±‚è¯¦æƒ…	{"encrypted_key_length": "6.3 KB", "signature_length": "70 B"}
2025-04-26 23:07:51.408	[35mDEBUG[0m	services/mpc.go:143	å¼€å§‹æ¶ˆæ¯ç­¾åè¿‡ç¨‹	{"parties": "1,2", "address": "0xc4e734ab54B4c506d1242a172F03AF8ffc907aDC", "filename": "sign_data_2.json"}
2025-04-26 23:07:51.408	[35mDEBUG[0m	services/mpc.go:162	ä¸´æ—¶æ–‡ä»¶è·¯å¾„	{"path": "temp/sign_data_2.json"}
2025-04-26 23:07:51.408	[34mINFO[0m	services/mpc.go:173	ä»å®‰å…¨èŠ¯ç‰‡è¯»å–å¯†é’¥	{"userName": "test_user_2", "address": "0xc4e734ab54B4c506d1242a172F03AF8ffc907aDC"}
2025-04-26 23:07:51.408	[35mDEBUG[0m	services/security.go:125	å‡†å¤‡ä»å®‰å…¨èŠ¯ç‰‡è¯»å–æ•°æ®	{"username": "test_user_2", "address": "0xc4e734ab54B4c506d1242a172F03AF8ffc907aDC"}
2025-04-26 23:07:51.408	[35mDEBUG[0m	services/security.go:144	ç”¨æˆ·åå­—èŠ‚	{"userBytes": "6CC3AFA565036C8EC65CEF4778501E6E4B516104FA3EBA22E7011A82AEF6E88E"}
2025-04-26 23:07:51.408	[35mDEBUG[0m	services/security.go:145	åœ°å€å­—èŠ‚	{"addrBytes": "C4E734AB54B4C506D1242A172F03AF8FFC907ADC"}
2025-04-26 23:07:51.408	[35mDEBUG[0m	services/security.go:148	è°ƒç”¨å®‰å…¨èŠ¯ç‰‡è¯»å–æ•°æ®	{"signature_length": "70 B"}
2025-04-26 23:07:51.422	[34mINFO[0m	services/security.go:156	å·²ä»å®‰å…¨èŠ¯ç‰‡è¯»å–æ•°æ®	{"data_length": "32 B"}
2025-04-26 23:07:51.422	[35mDEBUG[0m	services/mpc.go:181	è§£å¯†æ•°æ®
2025-04-26 23:07:51.422	[35mDEBUG[0m	services/mpc.go:187	è§£å¯†åæ•°æ®å¤§å°	{"size": "6.24 KB"}
2025-04-26 23:07:51.422	[35mDEBUG[0m	services/mpc.go:190	è§£å‹æ•°æ®
2025-04-26 23:07:51.423	[35mDEBUG[0m	services/mpc.go:196	è§£å‹åæ•°æ®å¤§å°	{"size": "35.67 KB"}
2025-04-26 23:07:51.423	[35mDEBUG[0m	services/mpc.go:199	å†™å…¥ä¸´æ—¶æ–‡ä»¶	{"path": "temp/sign_data_2.json"}
2025-04-26 23:07:51.423	[34mINFO[0m	services/mpc.go:206	æ‰§è¡Œç­¾åå‘½ä»¤	{"parties": "1,2", "data": "è¿™æ˜¯ä¸€æ¡æµ‹è¯•æ¶ˆæ¯ï¼Œæ—¶é—´æˆ³: 1745680070"}
2025-04-26 23:07:51.423	[34mINFO[0m	utils/command.go:110	å¼€å§‹ç­¾åæ“ä½œ	{"command": "bin/gg20_signing", "parties": "1,2", "data": "è¿™æ˜¯ä¸€æ¡æµ‹è¯•æ¶ˆæ¯ï¼Œæ—¶é—´æˆ³: 1745680070", "local_share": "temp/sign_data_2.json"}
2025-04-26 23:07:51.423	[34mINFO[0m	utils/command.go:35	å¼€å§‹æ‰§è¡Œå‘½ä»¤	{"command": "bin/gg20_signing", "args": "-p 1,2 -d \"è¿™æ˜¯ä¸€æ¡æµ‹è¯•æ¶ˆæ¯ï¼Œæ—¶é—´æˆ³: 1745680070\" -l temp/sign_data_2.json", "timeout": "60s"}
2025-04-26 23:07:51.741	[31mERROR[0m	utils/command.go:47	å‘½ä»¤æ‰§è¡Œå¤±è´¥	{"error": "exit status 1", "stdout": "", "stderr": "Error: protocol execution terminated with error: round proceed error: proceeding round: round 6: check sig: Phase6Error\n", "execution_time": "318.584083ms"}
2025-04-26 23:07:51.741	[31mERROR[0m	utils/command.go:47	å‘½ä»¤æ‰§è¡Œå¤±è´¥	{"error": "exit status 1", "stdout": "", "stderr": "Error: protocol execution terminated with error: round proceed error: proceeding round: round 6: check sig: Phase6Error\n", "execution_time": "1.317897833s"}
2025-04-26 23:07:51.742	[31mERROR[0m	utils/command.go:119	ç­¾åæ“ä½œå¤±è´¥	{"error": "exit status 1"}
2025-04-26 23:07:51.742	[31mERROR[0m	utils/command.go:119	ç­¾åæ“ä½œå¤±è´¥	{"error": "exit status 1"}
2025-04-26 23:07:51.742	[31mERROR[0m	services/mpc.go:211	ç­¾åå‘½ä»¤å¤±è´¥	{"error": "exit status 1"}
2025-04-26 23:07:51.742	[31mERROR[0m	services/mpc.go:211	ç­¾åå‘½ä»¤å¤±è´¥	{"error": "exit status 1"}
2025-04-26 23:07:51.742	[31mERROR[0m	controllers/mpc.go:210	ç­¾åå¤±è´¥	{"error": "ç­¾åå¤±è´¥: exit status 1", "username": "test_user_2", "address": "0xc4e734ab54B4c506d1242a172F03AF8ffc907aDC"}
2025-04-26 23:07:51.742	[31mERROR[0m	controllers/mpc.go:210	ç­¾åå¤±è´¥	{"error": "ç­¾åå¤±è´¥: exit status 1", "username": "test_user_1", "address": "0xc4e734ab54B4c506d1242a172F03AF8ffc907aDC"}
2025-04-26 23:07:51.742	[31mERROR[0m	middleware/logger.go:46	APIè¯·æ±‚	{"method": "POST", "uri": "/api/v1/mpc/sign", "ip": "::1", "status": 500, "latency": "333.942334ms"}
2025-04-26 23:07:51.742	[31mERROR[0m	middleware/logger.go:46	APIè¯·æ±‚	{"method": "POST", "uri": "/api/v1/mpc/sign", "ip": "::1", "status": 500, "latency": "1.334970792s"}
2025-04-27 09:29:24.558	[34mINFO[0m	web-se/main.go:30	ç³»ç»Ÿå¯åŠ¨
2025-04-27 09:29:24.559	[34mINFO[0m	web-se/main.go:31	é…ç½®åŠ è½½æˆåŠŸ	{"port": "8080", "debug": true, "log_file": "web-se.log", "log_dir": "./logs"}
2025-04-27 09:29:24.559	[35mDEBUG[0m	web-se/main.go:41	Ginè®¾ç½®ä¸ºè°ƒè¯•æ¨¡å¼
2025-04-27 09:29:24.559	[34mINFO[0m	web-se/main.go:69	æœåŠ¡å™¨å¯åŠ¨	{"port": "8080"}
2025-04-27 09:29:58.127	[34mINFO[0m	web-se/main.go:30	ç³»ç»Ÿå¯åŠ¨
2025-04-27 09:29:58.127	[34mINFO[0m	web-se/main.go:31	é…ç½®åŠ è½½æˆåŠŸ	{"port": "8080", "debug": true, "log_file": "web-se.log", "log_dir": "./logs"}
2025-04-27 09:29:58.127	[35mDEBUG[0m	web-se/main.go:41	Ginè®¾ç½®ä¸ºè°ƒè¯•æ¨¡å¼
2025-04-27 09:29:58.127	[34mINFO[0m	web-se/main.go:69	æœåŠ¡å™¨å¯åŠ¨	{"port": "8080"}
2025-04-27 09:30:06.407	[34mINFO[0m	web-se/main.go:30	ç³»ç»Ÿå¯åŠ¨
2025-04-27 09:30:06.408	[34mINFO[0m	web-se/main.go:31	é…ç½®åŠ è½½æˆåŠŸ	{"port": "8080", "debug": true, "log_file": "web-se.log", "log_dir": "./logs"}
2025-04-27 09:30:06.408	[35mDEBUG[0m	web-se/main.go:41	Ginè®¾ç½®ä¸ºè°ƒè¯•æ¨¡å¼
2025-04-27 09:30:06.408	[34mINFO[0m	web-se/main.go:69	æœåŠ¡å™¨å¯åŠ¨	{"port": "8080"}
